Listing...
adduser/jammy,now 3.118ubuntu5 all [installed]
apt/now 2.4.11 amd64 [installed,upgradable to: 2.4.13]
base-files/now 12ubuntu4.5 amd64 [installed,upgradable to: 12ubuntu4.7]
base-passwd/jammy,now 3.5.52build1 amd64 [installed]
bash/jammy,now 5.1-6ubuntu1 amd64 [installed,upgradable to: 5.1-6ubuntu1.1]
binutils-common/now 2.38-4ubuntu2.5 amd64 [installed,upgradable to: 2.38-4ubuntu2.6]
binutils-x86-64-linux-gnu/now 2.38-4ubuntu2.5 amd64 [installed,upgradable to: 2.38-4ubuntu2.6]
binutils/now 2.38-4ubuntu2.5 amd64 [installed,upgradable to: 2.38-4ubuntu2.6]
bsdutils/jammy,now 1:2.37.2-4ubuntu3 amd64 [installed,upgradable to: 1:2.37.2-4ubuntu3.4]
build-essential/jammy,now 12.9ubuntu3 amd64 [installed,automatic]
bzip2/jammy,now 1.0.8-5build1 amd64 [installed,automatic]
ca-certificates/now 20230311ubuntu0.22.04.1 all [installed,upgradable to: 20240203~22.04.1]
cmake-data/jammy-updates,now 3.22.1-1ubuntu1.22.04.2 all [installed,automatic]
cmake/jammy-updates,now 3.22.1-1ubuntu1.22.04.2 amd64 [installed]
coreutils/jammy,now 8.32-4.1ubuntu1 amd64 [installed,upgradable to: 8.32-4.1ubuntu1.2]
cpp-11/jammy-updates,jammy-security,now 11.4.0-1ubuntu1~22.04 amd64 [installed,automatic]
cpp/jammy,now 4:11.2.0-1ubuntu1 amd64 [installed,automatic]
cuda-cccl-12-1/unknown,now 12.1.109-1 amd64 [installed,automatic]
cuda-command-line-tools-12-1/unknown,now 12.1.1-1 amd64 [installed]
cuda-compat-12-1/unknown,now 530.30.02-1 amd64 [installed]
cuda-compiler-12-1/unknown,now 12.1.1-1 amd64 [installed,automatic]
cuda-cudart-12-1/unknown,now 12.1.105-1 amd64 [installed]
cuda-cudart-dev-12-1/unknown,now 12.1.105-1 amd64 [installed]
cuda-cuobjdump-12-1/unknown,now 12.1.111-1 amd64 [installed,automatic]
cuda-cupti-12-1/unknown,now 12.1.105-1 amd64 [installed,automatic]
cuda-cupti-dev-12-1/unknown,now 12.1.105-1 amd64 [installed,automatic]
cuda-cuxxfilt-12-1/unknown,now 12.1.105-1 amd64 [installed,automatic]
cuda-driver-dev-12-1/unknown,now 12.1.105-1 amd64 [installed,automatic]
cuda-gdb-12-1/unknown,now 12.1.105-1 amd64 [installed,automatic]
cuda-keyring/unknown,now 1.1-1 all [installed]
cuda-libraries-12-1/unknown,now 12.1.1-1 amd64 [installed]
cuda-libraries-dev-12-1/unknown,now 12.1.1-1 amd64 [installed]
cuda-minimal-build-12-1/unknown,now 12.1.1-1 amd64 [installed]
cuda-nsight-compute-12-1/unknown,now 12.1.1-1 amd64 [installed]
cuda-nvcc-12-1/unknown,now 12.1.105-1 amd64 [installed,automatic]
cuda-nvdisasm-12-1/unknown,now 12.1.105-1 amd64 [installed,automatic]
cuda-nvml-dev-12-1/unknown,now 12.1.105-1 amd64 [installed]
cuda-nvprof-12-1/unknown,now 12.1.105-1 amd64 [installed]
cuda-nvprune-12-1/unknown,now 12.1.105-1 amd64 [installed,automatic]
cuda-nvrtc-12-1/unknown,now 12.1.105-1 amd64 [installed,automatic]
cuda-nvrtc-dev-12-1/unknown,now 12.1.105-1 amd64 [installed,automatic]
cuda-nvtx-12-1/unknown,now 12.1.105-1 amd64 [installed]
cuda-opencl-12-1/unknown,now 12.1.105-1 amd64 [installed,automatic]
cuda-opencl-dev-12-1/unknown,now 12.1.105-1 amd64 [installed,automatic]
cuda-profiler-api-12-1/unknown,now 12.1.105-1 amd64 [installed,automatic]
cuda-sanitizer-12-1/unknown,now 12.1.105-1 amd64 [installed,automatic]
cuda-toolkit-12-1-config-common/unknown,now 12.1.105-1 all [installed,automatic]
cuda-toolkit-12-config-common/unknown,now 12.3.101-1 all [installed,upgradable to: 12.6.77-1]
cuda-toolkit-config-common/unknown,now 12.3.101-1 all [installed,upgradable to: 12.6.77-1]
curl/now 7.81.0-1ubuntu1.15 amd64 [installed,upgradable to: 7.81.0-1ubuntu1.18]
dash/jammy,now 0.5.11+git20210903+057cd650a4ed-3build1 amd64 [installed]
dbus/jammy-updates,jammy-security,now 1.12.20-2ubuntu4.1 amd64 [installed,automatic]
debconf/jammy,now 1.5.79ubuntu1 all [installed]
debianutils/jammy,now 5.5-1ubuntu2 amd64 [installed]
dh-elpa-helper/jammy,now 2.0.9ubuntu1 all [installed,automatic]
diffutils/jammy,now 1:3.8-0ubuntu2 amd64 [installed]
dirmngr/jammy-updates,jammy-security,now 2.2.27-3ubuntu2.1 amd64 [installed,automatic]
distro-info-data/now 0.52ubuntu0.6 all [installed,upgradable to: 0.52ubuntu0.8]
dpkg-dev/now 1.21.1ubuntu2.2 all [installed,upgradable to: 1.21.1ubuntu2.3]
dpkg/now 1.21.1ubuntu2.2 amd64 [installed,upgradable to: 1.21.1ubuntu2.3]
e2fsprogs/jammy-security,now 1.46.5-2ubuntu1.1 amd64 [installed,upgradable to: 1.46.5-2ubuntu1.2]
emacsen-common/jammy,now 3.0.4 all [installed,automatic]
findutils/jammy,now 4.8.0-1ubuntu3 amd64 [installed]
fontconfig-config/jammy,now 2.13.1-4.2ubuntu5 all [installed,automatic]
fonts-dejavu-core/jammy,now 2.37-2build1 all [installed,automatic]
g++-11/jammy-updates,jammy-security,now 11.4.0-1ubuntu1~22.04 amd64 [installed,automatic]
g++/jammy,now 4:11.2.0-1ubuntu1 amd64 [installed,automatic]
gcc-11-base/jammy-updates,jammy-security,now 11.4.0-1ubuntu1~22.04 amd64 [installed,automatic]
gcc-11/jammy-updates,jammy-security,now 11.4.0-1ubuntu1~22.04 amd64 [installed,automatic]
gcc-12-base/jammy-updates,jammy-security,now 12.3.0-1ubuntu1~22.04 amd64 [installed]
gcc/jammy,now 4:11.2.0-1ubuntu1 amd64 [installed,automatic]
gir1.2-glib-2.0/jammy,now 1.72.0-1 amd64 [installed,automatic]
gir1.2-packagekitglib-1.0/jammy,now 1.2.5-2ubuntu2 amd64 [installed,automatic]
git-man/now 1:2.34.1-1ubuntu1.10 all [installed,upgradable to: 1:2.34.1-1ubuntu1.11]
git/now 1:2.34.1-1ubuntu1.10 amd64 [installed,upgradable to: 1:2.34.1-1ubuntu1.11]
gnupg-l10n/jammy-updates,jammy-security,now 2.2.27-3ubuntu2.1 all [installed,automatic]
gnupg-utils/jammy-updates,jammy-security,now 2.2.27-3ubuntu2.1 amd64 [installed,automatic]
gnupg2/jammy-updates,jammy-security,now 2.2.27-3ubuntu2.1 all [installed]
gnupg/jammy-updates,jammy-security,now 2.2.27-3ubuntu2.1 all [installed,automatic]
gpg-agent/jammy-updates,jammy-security,now 2.2.27-3ubuntu2.1 amd64 [installed,automatic]
gpg-wks-client/jammy-updates,jammy-security,now 2.2.27-3ubuntu2.1 amd64 [installed,automatic]
gpg-wks-server/jammy-updates,jammy-security,now 2.2.27-3ubuntu2.1 amd64 [installed,automatic]
gpg/jammy-updates,jammy-security,now 2.2.27-3ubuntu2.1 amd64 [installed,automatic]
gpgconf/jammy-updates,jammy-security,now 2.2.27-3ubuntu2.1 amd64 [installed,automatic]
gpgsm/jammy-updates,jammy-security,now 2.2.27-3ubuntu2.1 amd64 [installed,automatic]
gpgv/jammy-updates,jammy-security,now 2.2.27-3ubuntu2.1 amd64 [installed]
grep/jammy,now 3.7-1build1 amd64 [installed]
gzip/jammy-updates,now 1.10-4ubuntu4.1 amd64 [installed]
hostname/jammy,now 3.23ubuntu2 amd64 [installed]
init-system-helpers/jammy,now 1.62 all [installed]
iproute2/jammy,now 5.15.0-1ubuntu2 amd64 [installed,automatic]
iso-codes/jammy,now 4.9.0-1 all [installed,automatic]
libacl1/jammy,now 2.3.1-1 amd64 [installed]
libapparmor1/now 3.0.4-2ubuntu2.3 amd64 [installed,upgradable to: 3.0.4-2ubuntu2.4]
libappstream4/jammy,now 0.15.2-2 amd64 [installed,automatic]
libapt-pkg6.0/now 2.4.11 amd64 [installed,upgradable to: 2.4.13]
libarchive13/jammy-updates,jammy-security,now 3.6.0-1ubuntu1.3 amd64 [installed,automatic]
libargon2-1/jammy,now 0~20171227-0.3 amd64 [installed,automatic]
libasan6/jammy-updates,jammy-security,now 11.4.0-1ubuntu1~22.04 amd64 [installed,automatic]
libassuan0/jammy,now 2.5.5-1build1 amd64 [installed,automatic]
libatomic1/jammy-updates,jammy-security,now 12.3.0-1ubuntu1~22.04 amd64 [installed,automatic]
libattr1/jammy,now 1:2.5.1-1build1 amd64 [installed]
libaudit-common/jammy,now 1:3.0.7-1build1 all [installed]
libaudit1/jammy,now 1:3.0.7-1build1 amd64 [installed]
libbinutils/now 2.38-4ubuntu2.5 amd64 [installed,upgradable to: 2.38-4ubuntu2.6]
libblkid1/jammy,now 2.37.2-4ubuntu3 amd64 [installed,upgradable to: 2.37.2-4ubuntu3.4]
libbpf0/jammy-updates,jammy-security,now 1:0.5.0-1ubuntu22.04.1 amd64 [installed,automatic]
libbrotli1/jammy,now 1.0.9-2build6 amd64 [installed,automatic]
libbsd0/jammy,now 0.11.5-1 amd64 [installed,automatic]
libbz2-1.0/jammy,now 1.0.8-5build1 amd64 [installed]
libc-bin/now 2.35-0ubuntu3.6 amd64 [installed,upgradable to: 2.35-0ubuntu3.8]
libc-dev-bin/now 2.35-0ubuntu3.6 amd64 [installed,upgradable to: 2.35-0ubuntu3.8]
libc6-dev/now 2.35-0ubuntu3.6 amd64 [installed,upgradable to: 2.35-0ubuntu3.8]
libc6/now 2.35-0ubuntu3.6 amd64 [installed,upgradable to: 2.35-0ubuntu3.8]
libcap-ng0/jammy,now 0.7.9-2.2build3 amd64 [installed]
libcap2-bin/jammy-updates,jammy-security,now 1:2.44-1ubuntu0.22.04.1 amd64 [installed,automatic]
libcap2/jammy-updates,jammy-security,now 1:2.44-1ubuntu0.22.04.1 amd64 [installed]
libcbor0.8/jammy,now 0.8.0-2ubuntu1 amd64 [installed,automatic]
libcc1-0/jammy-updates,jammy-security,now 12.3.0-1ubuntu1~22.04 amd64 [installed,automatic]
libcom-err2/jammy-security,now 1.46.5-2ubuntu1.1 amd64 [installed,upgradable to: 1.46.5-2ubuntu1.2]
libcrypt-dev/jammy,now 1:4.4.27-1 amd64 [installed,automatic]
libcrypt1/jammy,now 1:4.4.27-1 amd64 [installed]
libcryptsetup12/jammy-updates,now 2:2.4.3-1ubuntu1.2 amd64 [installed,automatic]
libctf-nobfd0/now 2.38-4ubuntu2.5 amd64 [installed,upgradable to: 2.38-4ubuntu2.6]
libctf0/now 2.38-4ubuntu2.5 amd64 [installed,upgradable to: 2.38-4ubuntu2.6]
libcublas-12-1/unknown,now 12.1.3.1-1 amd64 [installed]
libcublas-dev-12-1/unknown,now 12.1.3.1-1 amd64 [installed]
libcufft-12-1/unknown,now 11.0.2.54-1 amd64 [installed,automatic]
libcufft-dev-12-1/unknown,now 11.0.2.54-1 amd64 [installed,automatic]
libcufile-12-1/unknown,now 1.6.1.9-1 amd64 [installed,automatic]
libcufile-dev-12-1/unknown,now 1.6.1.9-1 amd64 [installed,automatic]
libcurand-12-1/unknown,now 10.3.2.106-1 amd64 [installed,automatic]
libcurand-dev-12-1/unknown,now 10.3.2.106-1 amd64 [installed,automatic]
libcurl3-gnutls/now 7.81.0-1ubuntu1.15 amd64 [installed,upgradable to: 7.81.0-1ubuntu1.18]
libcurl4/now 7.81.0-1ubuntu1.15 amd64 [installed,upgradable to: 7.81.0-1ubuntu1.18]
libcusolver-12-1/unknown,now 11.4.5.107-1 amd64 [installed,automatic]
libcusolver-dev-12-1/unknown,now 11.4.5.107-1 amd64 [installed,automatic]
libcusparse-12-1/unknown,now 12.1.0.106-1 amd64 [installed]
libcusparse-dev-12-1/unknown,now 12.1.0.106-1 amd64 [installed]
libdb5.3/jammy,now 5.3.28+dfsg1-0.8ubuntu3 amd64 [installed]
libdbus-1-3/jammy-updates,jammy-security,now 1.12.20-2ubuntu4.1 amd64 [installed,automatic]
libdebconfclient0/jammy,now 0.261ubuntu1 amd64 [installed]
libdeflate0/jammy,now 1.10-2 amd64 [installed,automatic]
libdevmapper1.02.1/jammy,now 2:1.02.175-2.1ubuntu4 amd64 [installed,automatic]
libdpkg-perl/now 1.21.1ubuntu2.2 all [installed,upgradable to: 1.21.1ubuntu2.3]
libdrm-amdgpu1/jammy-updates,now 2.4.113-2~ubuntu0.22.04.1 amd64 [installed,automatic]
libdrm-common/jammy-updates,now 2.4.113-2~ubuntu0.22.04.1 all [installed,automatic]
libdrm-intel1/jammy-updates,now 2.4.113-2~ubuntu0.22.04.1 amd64 [installed,automatic]
libdrm-nouveau2/jammy-updates,now 2.4.113-2~ubuntu0.22.04.1 amd64 [installed,automatic]
libdrm-radeon1/jammy-updates,now 2.4.113-2~ubuntu0.22.04.1 amd64 [installed,automatic]
libdrm2/jammy-updates,now 2.4.113-2~ubuntu0.22.04.1 amd64 [installed,automatic]
libdw1/jammy,now 0.186-1build1 amd64 [installed,automatic]
libedit2/jammy,now 3.1-20210910-1build1 amd64 [installed,automatic]
libelf1/jammy,now 0.186-1build1 amd64 [installed,automatic]
liberror-perl/jammy,now 0.17029-1 all [installed,automatic]
libexpat1-dev/now 2.4.7-1ubuntu0.2 amd64 [installed,upgradable to: 2.4.7-1ubuntu0.4]
libexpat1/now 2.4.7-1ubuntu0.2 amd64 [installed,upgradable to: 2.4.7-1ubuntu0.4]
libext2fs2/jammy-security,now 1.46.5-2ubuntu1.1 amd64 [installed,upgradable to: 1.46.5-2ubuntu1.2]
libffi8/jammy,now 3.4.2-4 amd64 [installed]
libfido2-1/jammy,now 1.10.0-1 amd64 [installed,automatic]
libfontconfig1/jammy,now 2.13.1-4.2ubuntu5 amd64 [installed,automatic]
libfreetype6/jammy-updates,jammy-security,now 2.11.1+dfsg-1ubuntu0.2 amd64 [installed,automatic]
libgcc-11-dev/jammy-updates,jammy-security,now 11.4.0-1ubuntu1~22.04 amd64 [installed,automatic]
libgcc-s1/jammy-updates,jammy-security,now 12.3.0-1ubuntu1~22.04 amd64 [installed]
libgcrypt20/jammy,now 1.9.4-3ubuntu3 amd64 [installed]
libgd3/jammy,now 2.3.0-2ubuntu2 amd64 [installed,automatic]
libgdbm-compat4/jammy,now 1.23-1 amd64 [installed,automatic]
libgdbm6/jammy,now 1.23-1 amd64 [installed,automatic]
libgirepository-1.0-1/jammy,now 1.72.0-1 amd64 [installed,automatic]
libgl1-mesa-dri/now 23.0.4-0ubuntu1~22.04.1 amd64 [installed,upgradable to: 23.2.1-1ubuntu3.1~22.04.2]
libgl1/jammy,now 1.4.0-1 amd64 [installed]
libglapi-mesa/now 23.0.4-0ubuntu1~22.04.1 amd64 [installed,upgradable to: 23.2.1-1ubuntu3.1~22.04.2]
libglib2.0-0/now 2.72.4-0ubuntu2.2 amd64 [installed,upgradable to: 2.72.4-0ubuntu2.3]
libglib2.0-bin/now 2.72.4-0ubuntu2.2 amd64 [installed,upgradable to: 2.72.4-0ubuntu2.3]
libglib2.0-data/now 2.72.4-0ubuntu2.2 all [installed,upgradable to: 2.72.4-0ubuntu2.3]
libglvnd0/jammy,now 1.4.0-1 amd64 [installed,automatic]
libglx-mesa0/now 23.0.4-0ubuntu1~22.04.1 amd64 [installed,upgradable to: 23.2.1-1ubuntu3.1~22.04.2]
libglx0/jammy,now 1.4.0-1 amd64 [installed,automatic]
libgmp10/jammy,now 2:6.2.1+dfsg-3ubuntu1 amd64 [installed]
libgnutls30/now 3.7.3-4ubuntu1.4 amd64 [installed,upgradable to: 3.7.3-4ubuntu1.5]
libgomp1/jammy-updates,jammy-security,now 12.3.0-1ubuntu1~22.04 amd64 [installed,automatic]
libgpg-error0/jammy,now 1.43-3 amd64 [installed]
libgpm2/jammy,now 1.20.7-10build1 amd64 [installed,automatic]
libgssapi-krb5-2/now 1.19.2-2ubuntu0.3 amd64 [installed,upgradable to: 1.19.2-2ubuntu0.4]
libgstreamer1.0-0/jammy-updates,now 1.20.3-0ubuntu1 amd64 [installed,automatic]
libhogweed6/jammy,now 3.7.3-1build2 amd64 [installed]
libicu70/jammy,now 70.1-2 amd64 [installed,automatic]
libidn2-0/jammy,now 2.3.2-2build1 amd64 [installed]
libip4tc2/now 1.8.7-1ubuntu5.1 amd64 [installed,upgradable to: 1.8.7-1ubuntu5.2]
libisl23/jammy,now 0.24-2build1 amd64 [installed,automatic]
libitm1/jammy-updates,jammy-security,now 12.3.0-1ubuntu1~22.04 amd64 [installed,automatic]
libjbig0/jammy-updates,jammy-security,now 2.1-3.1ubuntu0.22.04.1 amd64 [installed,automatic]
libjpeg-turbo8/jammy,now 2.1.2-0ubuntu1 amd64 [installed,automatic]
libjpeg8/jammy,now 8c-2ubuntu10 amd64 [installed,automatic]
libjson-c5/jammy-updates,jammy-security,now 0.15-3~ubuntu1.22.04.2 amd64 [installed,automatic]
libjsoncpp25/jammy,now 1.9.5-3 amd64 [installed,automatic]
libk5crypto3/now 1.19.2-2ubuntu0.3 amd64 [installed,upgradable to: 1.19.2-2ubuntu0.4]
libkeyutils1/jammy,now 1.6.1-2ubuntu3 amd64 [installed]
libkmod2/jammy,now 29-1ubuntu1 amd64 [installed,automatic]
libkrb5-3/now 1.19.2-2ubuntu0.3 amd64 [installed,upgradable to: 1.19.2-2ubuntu0.4]
libkrb5support0/now 1.19.2-2ubuntu0.3 amd64 [installed,upgradable to: 1.19.2-2ubuntu0.4]
libksba8/jammy-updates,jammy-security,now 1.6.0-2ubuntu0.2 amd64 [installed,automatic]
libldap-2.5-0/jammy-security,now 2.5.16+dfsg-0ubuntu0.22.04.2 amd64 [installed,upgradable to: 2.5.18+dfsg-0ubuntu0.22.04.2]
libllvm15/jammy-updates,jammy-security,now 1:15.0.7-0ubuntu0.22.04.3 amd64 [installed,automatic]
liblsan0/jammy-updates,jammy-security,now 12.3.0-1ubuntu1~22.04 amd64 [installed,automatic]
liblz4-1/jammy,now 1.9.3-2build2 amd64 [installed]
liblzma5/jammy,now 5.2.5-2ubuntu1 amd64 [installed]
libmaxminddb0/jammy,now 1.5.2-1build2 amd64 [installed,automatic]
libmd0/jammy,now 1.0.4-1build1 amd64 [installed,automatic]
libmnl0/jammy,now 1.0.4-3build2 amd64 [installed,automatic]
libmount1/jammy,now 2.37.2-4ubuntu3 amd64 [installed,upgradable to: 2.37.2-4ubuntu3.4]
libmpc3/jammy,now 1.2.1-2build1 amd64 [installed,automatic]
libmpdec3/jammy,now 2.5.1-2build2 amd64 [installed,automatic]
libmpfr6/jammy,now 4.1.0-3build3 amd64 [installed,automatic]
libnccl-dev/unknown,unknown,now 2.17.1-1+cuda12.1 amd64 [installed,upgradable to: 2.23.4-1+cuda12.6]
libnccl2/unknown,unknown,now 2.17.1-1+cuda12.1 amd64 [installed,upgradable to: 2.23.4-1+cuda12.6]
libncurses6/jammy-updates,jammy-security,now 6.3-2ubuntu0.1 amd64 [installed]
libncursesw6/jammy-updates,jammy-security,now 6.3-2ubuntu0.1 amd64 [installed]
libnettle8/jammy,now 3.7.3-1build2 amd64 [installed]
libnghttp2-14/now 1.43.0-1ubuntu0.1 amd64 [installed,upgradable to: 1.43.0-1ubuntu0.2]
libnginx-mod-http-geoip2/now 1.18.0-6ubuntu14.4 amd64 [installed,upgradable to: 1.18.0-6ubuntu14.5]
libnginx-mod-http-image-filter/now 1.18.0-6ubuntu14.4 amd64 [installed,upgradable to: 1.18.0-6ubuntu14.5]
libnginx-mod-http-xslt-filter/now 1.18.0-6ubuntu14.4 amd64 [installed,upgradable to: 1.18.0-6ubuntu14.5]
libnginx-mod-mail/now 1.18.0-6ubuntu14.4 amd64 [installed,upgradable to: 1.18.0-6ubuntu14.5]
libnginx-mod-stream-geoip2/now 1.18.0-6ubuntu14.4 amd64 [installed,upgradable to: 1.18.0-6ubuntu14.5]
libnginx-mod-stream/now 1.18.0-6ubuntu14.4 amd64 [installed,upgradable to: 1.18.0-6ubuntu14.5]
libnpp-12-1/unknown,now 12.1.0.40-1 amd64 [installed]
libnpp-dev-12-1/unknown,now 12.1.0.40-1 amd64 [installed]
libnpth0/jammy,now 1.6-3build2 amd64 [installed,automatic]
libnsl-dev/jammy,now 1.3.0-2build2 amd64 [installed,automatic]
libnsl2/jammy,now 1.3.0-2build2 amd64 [installed]
libnvjitlink-12-1/unknown,now 12.1.105-1 amd64 [installed,automatic]
libnvjitlink-dev-12-1/unknown,now 12.1.105-1 amd64 [installed,automatic]
libnvjpeg-12-1/unknown,now 12.2.0.2-1 amd64 [installed,automatic]
libnvjpeg-dev-12-1/unknown,now 12.2.0.2-1 amd64 [installed,automatic]
libp11-kit0/jammy,now 0.24.0-6build1 amd64 [installed]
libpackagekit-glib2-18/jammy,now 1.2.5-2ubuntu2 amd64 [installed,automatic]
libpam-modules-bin/jammy-updates,jammy-security,now 1.4.0-11ubuntu2.4 amd64 [installed]
libpam-modules/jammy-updates,jammy-security,now 1.4.0-11ubuntu2.4 amd64 [installed]
libpam-runtime/jammy-updates,jammy-security,now 1.4.0-11ubuntu2.4 all [installed]
libpam-systemd/jammy-updates,now 249.11-0ubuntu3.12 amd64 [installed,automatic]
libpam0g/jammy-updates,jammy-security,now 1.4.0-11ubuntu2.4 amd64 [installed]
libpciaccess0/jammy,now 0.16-3 amd64 [installed,automatic]
libpcre2-8-0/jammy-updates,jammy-security,now 10.39-3ubuntu0.1 amd64 [installed]
libpcre3/jammy-updates,jammy-security,now 2:8.39-13ubuntu0.22.04.1 amd64 [installed]
libperl5.34/jammy-updates,jammy-security,now 5.34.0-3ubuntu1.3 amd64 [installed,automatic]
libpng16-16/jammy,now 1.6.37-3build5 amd64 [installed,automatic]
libpolkit-agent-1-0/jammy,now 0.105-33 amd64 [installed,automatic]
libpolkit-gobject-1-0/jammy,now 0.105-33 amd64 [installed,automatic]
libprocps8/jammy-updates,jammy-security,now 2:3.3.17-6ubuntu2.1 amd64 [installed]
libpsl5/jammy,now 0.21.0-1.2build2 amd64 [installed,automatic]
libpython3-stdlib/jammy-security,now 3.10.6-1~22.04 amd64 [installed,upgradable to: 3.10.6-1~22.04.1]
libpython3.10-dev/now 3.10.12-1~22.04.3 amd64 [installed,upgradable to: 3.10.12-1~22.04.6]
libpython3.10-minimal/now 3.10.12-1~22.04.3 amd64 [installed,upgradable to: 3.10.12-1~22.04.6]
libpython3.10-stdlib/now 3.10.12-1~22.04.3 amd64 [installed,upgradable to: 3.10.12-1~22.04.6]
libpython3.10/now 3.10.12-1~22.04.3 amd64 [installed,upgradable to: 3.10.12-1~22.04.6]
libquadmath0/jammy-updates,jammy-security,now 12.3.0-1ubuntu1~22.04 amd64 [installed,automatic]
libreadline8/jammy,now 8.1.2-1 amd64 [installed,automatic]
librhash0/jammy,now 1.4.2-1ubuntu1 amd64 [installed,automatic]
librtmp1/jammy,now 2.4+20151223.gitfa8646d.1-2build4 amd64 [installed,automatic]
libsasl2-2/jammy-updates,now 2.1.27+dfsg2-3ubuntu1.2 amd64 [installed,automatic]
libsasl2-modules-db/jammy-updates,now 2.1.27+dfsg2-3ubuntu1.2 amd64 [installed,automatic]
libseccomp2/jammy,now 2.5.3-2ubuntu2 amd64 [installed]
libselinux1/jammy,now 3.3-1build2 amd64 [installed]
libsemanage-common/jammy,now 3.3-1build2 all [installed]
libsemanage2/jammy,now 3.3-1build2 amd64 [installed]
libsensors-config/jammy,now 1:3.6.0-7ubuntu1 all [installed,automatic]
libsensors5/jammy,now 1:3.6.0-7ubuntu1 amd64 [installed,automatic]
libsepol2/jammy,now 3.3-1build1 amd64 [installed]
libsmartcols1/jammy,now 2.37.2-4ubuntu3 amd64 [installed,upgradable to: 2.37.2-4ubuntu3.4]
libsodium23/jammy,now 1.0.18-1build2 amd64 [installed,automatic]
libsqlite3-0/jammy-updates,jammy-security,now 3.37.2-2ubuntu0.3 amd64 [installed,automatic]
libss2/jammy-security,now 1.46.5-2ubuntu1.1 amd64 [installed,upgradable to: 1.46.5-2ubuntu1.2]
libssh-4/jammy-updates,jammy-security,now 0.9.6-2ubuntu0.22.04.3 amd64 [installed,automatic]
libssl3/now 3.0.2-0ubuntu1.14 amd64 [installed,upgradable to: 3.0.2-0ubuntu1.18]
libstdc++-11-dev/jammy-updates,jammy-security,now 11.4.0-1ubuntu1~22.04 amd64 [installed,automatic]
libstdc++6/jammy-updates,jammy-security,now 12.3.0-1ubuntu1~22.04 amd64 [installed]
libstemmer0d/jammy,now 2.2.0-1build1 amd64 [installed,automatic]
libsystemd0/jammy-updates,now 249.11-0ubuntu3.12 amd64 [installed]
libtasn1-6/jammy,now 4.18.0-4build1 amd64 [installed]
libtiff5/now 4.3.0-6ubuntu0.7 amd64 [installed,upgradable to: 4.3.0-6ubuntu0.10]
libtinfo6/jammy-updates,jammy-security,now 6.3-2ubuntu0.1 amd64 [installed]
libtirpc-common/jammy-updates,jammy-security,now 1.3.2-2ubuntu0.1 all [installed]
libtirpc-dev/jammy-updates,jammy-security,now 1.3.2-2ubuntu0.1 amd64 [installed,automatic]
libtirpc3/jammy-updates,jammy-security,now 1.3.2-2ubuntu0.1 amd64 [installed]
libtsan0/jammy-updates,jammy-security,now 11.4.0-1ubuntu1~22.04 amd64 [installed,automatic]
libubsan1/jammy-updates,jammy-security,now 12.3.0-1ubuntu1~22.04 amd64 [installed,automatic]
libudev1/jammy-updates,now 249.11-0ubuntu3.12 amd64 [installed]
libunistring2/jammy,now 1.0-1 amd64 [installed]
libunwind8/jammy-updates,now 1.3.2-2build2.1 amd64 [installed,automatic]
libuuid1/jammy,now 2.37.2-4ubuntu3 amd64 [installed,upgradable to: 2.37.2-4ubuntu3.4]
libuv1/jammy-updates,jammy-security,now 1.43.0-1ubuntu0.1 amd64 [installed,automatic]
libwebp7/jammy-updates,jammy-security,now 1.2.2-2ubuntu0.22.04.2 amd64 [installed,automatic]
libwrap0/jammy,now 7.6.q-31build2 amd64 [installed,automatic]
libx11-6/jammy-updates,jammy-security,now 2:1.7.5-1ubuntu0.3 amd64 [installed,automatic]
libx11-data/jammy-updates,jammy-security,now 2:1.7.5-1ubuntu0.3 all [installed,automatic]
libx11-xcb1/jammy-updates,jammy-security,now 2:1.7.5-1ubuntu0.3 amd64 [installed,automatic]
libxau6/jammy,now 1:1.0.9-1build5 amd64 [installed,automatic]
libxcb-dri2-0/jammy,now 1.14-3ubuntu3 amd64 [installed,automatic]
libxcb-dri3-0/jammy,now 1.14-3ubuntu3 amd64 [installed,automatic]
libxcb-glx0/jammy,now 1.14-3ubuntu3 amd64 [installed,automatic]
libxcb-present0/jammy,now 1.14-3ubuntu3 amd64 [installed,automatic]
libxcb-randr0/jammy,now 1.14-3ubuntu3 amd64 [installed,automatic]
libxcb-shm0/jammy,now 1.14-3ubuntu3 amd64 [installed,automatic]
libxcb-sync1/jammy,now 1.14-3ubuntu3 amd64 [installed,automatic]
libxcb-xfixes0/jammy,now 1.14-3ubuntu3 amd64 [installed,automatic]
libxcb1/jammy,now 1.14-3ubuntu3 amd64 [installed,automatic]
libxdmcp6/jammy,now 1:1.1.3-0ubuntu5 amd64 [installed,automatic]
libxext6/jammy,now 2:1.3.4-1build1 amd64 [installed,automatic]
libxfixes3/jammy,now 1:6.0.0-1 amd64 [installed,automatic]
libxml2/now 2.9.13+dfsg-1ubuntu0.3 amd64 [installed,upgradable to: 2.9.13+dfsg-1ubuntu0.4]
libxmlb2/jammy,now 0.3.6-2build1 amd64 [installed,automatic]
libxpm4/jammy-updates,jammy-security,now 1:3.5.12-1ubuntu0.22.04.2 amd64 [installed,automatic]
libxshmfence1/jammy,now 1.3-1build4 amd64 [installed,automatic]
libxslt1.1/jammy-updates,jammy-security,now 1.1.34-4ubuntu0.22.04.1 amd64 [installed,automatic]
libxtables12/now 1.8.7-1ubuntu5.1 amd64 [installed,upgradable to: 1.8.7-1ubuntu5.2]
libxxf86vm1/jammy,now 1:1.1.4-1build3 amd64 [installed,automatic]
libxxhash0/jammy,now 0.8.1-1 amd64 [installed]
libyaml-0-2/jammy,now 0.2.2-1build2 amd64 [installed,automatic]
libzstd1/jammy,now 1.4.8+dfsg-3build1 amd64 [installed]
linux-libc-dev/now 5.15.0-92.102 amd64 [installed,upgradable to: 5.15.0-124.134]
login/now 1:4.8.1-2ubuntu2.1 amd64 [installed,upgradable to: 1:4.8.1-2ubuntu2.2]
logsave/jammy-security,now 1.46.5-2ubuntu1.1 amd64 [installed,upgradable to: 1.46.5-2ubuntu1.2]
lsb-base/jammy,now 11.1.0ubuntu4 all [installed]
lsb-release/jammy,now 11.1.0ubuntu4 all [installed,automatic]
lto-disabled-list/jammy,now 24 all [installed,automatic]
make/jammy,now 4.3-4.1build1 amd64 [installed,automatic]
mawk/jammy,now 1.3.4.20200120-3 amd64 [installed]
media-types/jammy,now 7.0.0 all [installed,automatic]
mount/jammy,now 2.37.2-4ubuntu3 amd64 [installed,upgradable to: 2.37.2-4ubuntu3.4]
ncurses-base/jammy-updates,jammy-security,now 6.3-2ubuntu0.1 all [installed]
ncurses-bin/jammy-updates,jammy-security,now 6.3-2ubuntu0.1 amd64 [installed]
nginx-common/now 1.18.0-6ubuntu14.4 all [installed,upgradable to: 1.18.0-6ubuntu14.5]
nginx-core/now 1.18.0-6ubuntu14.4 amd64 [installed,upgradable to: 1.18.0-6ubuntu14.5]
nginx/now 1.18.0-6ubuntu14.4 amd64 [installed,upgradable to: 1.18.0-6ubuntu14.5]
nsight-compute-2023.1.1/unknown,now 2023.1.1.4-1 amd64 [installed,automatic]
openssh-client/now 1:8.9p1-3ubuntu0.6 amd64 [installed,upgradable to: 1:8.9p1-3ubuntu0.10]
openssh-server/now 1:8.9p1-3ubuntu0.6 amd64 [installed,upgradable to: 1:8.9p1-3ubuntu0.10]
openssh-sftp-server/now 1:8.9p1-3ubuntu0.6 amd64 [installed,upgradable to: 1:8.9p1-3ubuntu0.10]
openssl/now 3.0.2-0ubuntu1.14 amd64 [installed,upgradable to: 3.0.2-0ubuntu1.18]
packagekit/jammy,now 1.2.5-2ubuntu2 amd64 [installed,automatic]
passwd/now 1:4.8.1-2ubuntu2.1 amd64 [installed,upgradable to: 1:4.8.1-2ubuntu2.2]
patch/jammy,now 2.7.6-7build2 amd64 [installed,automatic]
perl-base/jammy-updates,jammy-security,now 5.34.0-3ubuntu1.3 amd64 [installed]
perl-modules-5.34/jammy-updates,jammy-security,now 5.34.0-3ubuntu1.3 all [installed,automatic]
perl/jammy-updates,jammy-security,now 5.34.0-3ubuntu1.3 amd64 [installed,automatic]
pinentry-curses/jammy,now 1.1.1-1build2 amd64 [installed,automatic]
pkexec/jammy,now 0.105-33 amd64 [installed,automatic]
policykit-1/jammy,now 0.105-33 amd64 [installed,automatic]
polkitd/jammy,now 0.105-33 amd64 [installed,automatic]
procps/jammy-updates,jammy-security,now 2:3.3.17-6ubuntu2.1 amd64 [installed]
python-apt-common/now 2.4.0ubuntu2 all [installed,upgradable to: 2.4.0ubuntu4]
python3-apt/now 2.4.0ubuntu2 amd64 [installed,upgradable to: 2.4.0ubuntu4]
python3-blinker/jammy,now 1.4+dfsg1-0.4 all [installed,automatic]
python3-cffi-backend/jammy,now 1.15.0-1build2 amd64 [installed,automatic]
python3-cryptography/now 3.4.8-1ubuntu2.1 amd64 [installed,upgradable to: 3.4.8-1ubuntu2.2]
python3-dbus/jammy,now 1.2.18-3build1 amd64 [installed,automatic]
python3-distro/jammy,now 1.7.0-1 all [installed,automatic]
python3-distutils/jammy-updates,jammy-security,now 3.10.8-1~22.04 all [installed,automatic]
python3-gi/jammy-updates,now 3.42.1-0ubuntu1 amd64 [installed,automatic]
python3-httplib2/jammy,now 0.20.2-2 all [installed,automatic]
python3-importlib-metadata/jammy,now 4.6.4-1 all [installed,automatic]
python3-jeepney/jammy,now 0.7.1-3 all [installed,automatic]
python3-jwt/jammy-updates,jammy-security,now 2.3.0-1ubuntu0.2 all [installed,automatic]
python3-keyring/jammy,now 23.5.0-1 all [installed,automatic]
python3-launchpadlib/jammy,now 1.10.16-1 all [installed,automatic]
python3-lazr.restfulclient/jammy,now 0.14.4-1 all [installed,automatic]
python3-lazr.uri/jammy,now 1.0.6-2 all [installed,automatic]
python3-lib2to3/jammy-updates,jammy-security,now 3.10.8-1~22.04 all [installed,automatic]
python3-minimal/jammy-security,now 3.10.6-1~22.04 amd64 [installed,upgradable to: 3.10.6-1~22.04.1]
python3-more-itertools/jammy,now 8.10.0-2 all [installed,automatic]
python3-oauthlib/jammy-updates,jammy-security,now 3.2.0-1ubuntu0.1 all [installed,automatic]
python3-pip-whl/now 22.0.2+dfsg-1ubuntu0.4 all [installed,upgradable to: 22.0.2+dfsg-1ubuntu0.5]
python3-pkg-resources/now 59.6.0-1.2ubuntu0.22.04.1 all [installed,upgradable to: 59.6.0-1.2ubuntu0.22.04.2]
python3-pyparsing/jammy,now 2.4.7-1 all [installed,automatic]
python3-secretstorage/jammy,now 3.3.1-1 all [installed,automatic]
python3-setuptools-whl/now 59.6.0-1.2ubuntu0.22.04.1 all [installed,upgradable to: 59.6.0-1.2ubuntu0.22.04.2]
python3-six/jammy,now 1.16.0-3ubuntu1 all [installed,automatic]
python3-software-properties/jammy-updates,now 0.99.22.9 all [installed,automatic]
python3-wadllib/jammy,now 1.3.6-1 all [installed,automatic]
python3-zipp/jammy,now 1.0.0-3 all [installed,upgradable to: 1.0.0-3ubuntu0.1]
python3.10-dev/now 3.10.12-1~22.04.3 amd64 [installed,upgradable to: 3.10.12-1~22.04.6]
python3.10-minimal/now 3.10.12-1~22.04.3 amd64 [installed,upgradable to: 3.10.12-1~22.04.6]
python3.10-venv/now 3.10.12-1~22.04.3 amd64 [installed,upgradable to: 3.10.12-1~22.04.6]
python3.10/now 3.10.12-1~22.04.3 amd64 [installed,upgradable to: 3.10.12-1~22.04.6]
python3/jammy-security,now 3.10.6-1~22.04 amd64 [installed,upgradable to: 3.10.6-1~22.04.1]
readline-common/jammy,now 8.1.2-1 all [installed,automatic]
rpcsvc-proto/jammy,now 1.4.2-0ubuntu6 amd64 [installed,automatic]
sed/jammy,now 4.8-1ubuntu2 amd64 [installed]
sensible-utils/jammy,now 0.0.17 all [installed]
software-properties-common/jammy-updates,now 0.99.22.9 all [installed]
systemd-sysv/jammy-updates,now 249.11-0ubuntu3.12 amd64 [installed,automatic]
systemd/jammy-updates,now 249.11-0ubuntu3.12 amd64 [installed,automatic]
sysvinit-utils/jammy,now 3.01-1ubuntu1 amd64 [installed]
tar/jammy-updates,jammy-security,now 1.34+dfsg-1ubuntu0.1.22.04.2 amd64 [installed]
ubuntu-keyring/jammy,now 2021.03.26 all [installed]
ucf/jammy,now 3.0043 all [installed,automatic]
unzip/jammy-updates,now 6.0-26ubuntu3.2 amd64 [installed]
usrmerge/jammy,now 25ubuntu2 all [installed]
util-linux/jammy,now 2.37.2-4ubuntu3 amd64 [installed,upgradable to: 2.37.2-4ubuntu3.4]
vim-common/jammy-updates,jammy-security,now 2:8.2.3995-1ubuntu2.19 all [installed,automatic]
vim-runtime/jammy-updates,jammy-security,now 2:8.2.3995-1ubuntu2.19 all [installed,automatic]
vim/jammy-updates,jammy-security,now 2:8.2.3995-1ubuntu2.19 amd64 [installed]
wget/jammy,now 1.21.2-2ubuntu1 amd64 [installed,upgradable to: 1.21.2-2ubuntu1.1]
xxd/jammy-updates,jammy-security,now 2:8.2.3995-1ubuntu2.19 amd64 [installed,automatic]
xz-utils/jammy,now 5.2.5-2ubuntu1 amd64 [installed,automatic]
zlib1g-dev/jammy-updates,jammy-security,now 1:1.2.11.dfsg-2ubuntu9.2 amd64 [installed,automatic]
zlib1g/jammy-updates,jammy-security,now 1:1.2.11.dfsg-2ubuntu9.2 amd64 [installed]
