# packages in environment at /root/miniconda3:
#
# Name                    Version                   Build  Channel
_libgcc_mutex             0.1                 conda_forge    conda-forge
_openmp_mutex             4.5                       2_gnu    conda-forge
anaconda-anon-usage       0.4.4           py312hfc0e8ea_100  
archspec                  0.2.3              pyhd3eb1b0_0  
boltons                   23.0.0          py312h06a4308_0  
brotli-python             1.0.9           py312h6a678d5_8  
bzip2                     1.0.8                h5eee18b_6  
c-ares                    1.34.2               heb4867d_0    conda-forge
ca-certificates           2024.9.24            h06a4308_0  
certifi                   2024.8.30          pyhd8ed1ab_0    conda-forge
cffi                      1.17.1          py312h1fdaa30_0  
charset-normalizer        3.3.2              pyhd3eb1b0_0  
conda                     24.9.2          py312h7900ff3_0    conda-forge
conda-content-trust       0.2.0           py312h06a4308_1  
conda-libmamba-solver     24.9.0             pyhd3eb1b0_0  
conda-package-handling    2.3.0           py312h06a4308_0  
conda-package-streaming   0.10.0          py312h06a4308_0  
cryptography              43.0.0          py312hdda0065_0  
distro                    1.9.0           py312h06a4308_0  
expat                     2.6.3                h6a678d5_0  
fmt                       11.0.2               h434a139_0    conda-forge
frozendict                2.4.2           py312h06a4308_0  
icu                       75.1                 he02047a_0    conda-forge
idna                      3.7             py312h06a4308_0  
jsonpatch                 1.33            py312h06a4308_1  
jsonpointer               2.1                pyhd3eb1b0_0  
keyutils                  1.6.1                h166bdaf_0    conda-forge
krb5                      1.21.3               h659f571_0    conda-forge
ld_impl_linux-64          2.40                 h12ee557_0  
libarchive                3.7.4                hfca40fe_0    conda-forge
libcurl                   8.10.1               hbbe4b11_0    conda-forge
libedit                   3.1.20230828         h5eee18b_0  
libev                     4.33                 h7f8727e_1  
libexpat                  2.6.3                h5888daf_0    conda-forge
libffi                    3.4.4                h6a678d5_1  
libgcc                    14.2.0               h77fa898_1    conda-forge
libgcc-ng                 14.2.0               h69a702a_1    conda-forge
libgomp                   14.2.0               h77fa898_1    conda-forge
libiconv                  1.17                 hd590300_2    conda-forge
libmamba                  1.5.10               hf72d635_1    conda-forge
libmambapy                1.5.10          py312hf3f0a4e_1    conda-forge
libnghttp2                1.64.0               h161d5f1_0    conda-forge
libnsl                    2.0.1                hd590300_0    conda-forge
libsolv                   0.7.30               h3509ff9_0    conda-forge
libsqlite                 3.47.0               hadc24fc_1    conda-forge
libssh2                   1.11.0               h0841786_0    conda-forge
libstdcxx                 14.2.0               hc0a3c3a_1    conda-forge
libstdcxx-ng              14.2.0               h4852527_1    conda-forge
libuuid                   2.38.1               h0b41bf4_0    conda-forge
libxcrypt                 4.4.36               hd590300_1    conda-forge
libxml2                   2.13.4               hb346dea_2    conda-forge
libzlib                   1.3.1                hb9d3cd8_2    conda-forge
lz4-c                     1.9.4                h6a678d5_1  
lzo                       2.10              hd590300_1001    conda-forge
mamba                     1.5.10          py312h9460a1c_1    conda-forge
menuinst                  2.1.2           py312h06a4308_0  
ncurses                   6.5                  he02047a_1    conda-forge
openssl                   3.3.2                hb9d3cd8_0    conda-forge
packaging                 24.1            py312h06a4308_0  
pcre2                     10.44                hba22ea6_2    conda-forge
pip                       24.2            py312h06a4308_0  
platformdirs              3.10.0          py312h06a4308_0  
pluggy                    1.0.0           py312h06a4308_1  
pybind11-abi              4                    hd8ed1ab_3    conda-forge
pycosat                   0.6.6           py312h5eee18b_1  
pycparser                 2.21               pyhd3eb1b0_0  
pysocks                   1.7.1           py312h06a4308_0  
python                    3.12.7          hc5c86c4_0_cpython    conda-forge
python_abi                3.12                    5_cp312    conda-forge
readline                  8.2                  h5eee18b_0  
reproc                    14.2.4               h6a678d5_2  
reproc-cpp                14.2.4               h6a678d5_2  
requests                  2.32.3          py312h06a4308_0  
ruamel.yaml               0.18.6          py312h5eee18b_0  
ruamel.yaml.clib          0.2.8           py312h5eee18b_0  
setuptools                75.1.0          py312h06a4308_0  
sqlite                    3.47.0               h9eae976_1    conda-forge
tk                        8.6.13          noxft_h4845f30_101    conda-forge
tqdm                      4.66.5          py312he106c6f_0  
truststore                0.8.0           py312h06a4308_0  
tzdata                    2024b                h04d1e81_0  
urllib3                   2.2.3           py312h06a4308_0  
wheel                     0.44.0          py312h06a4308_0  
xz                        5.4.6                h5eee18b_1  
yaml-cpp                  0.8.0                h6a678d5_1  
zlib                      1.3.1                hb9d3cd8_2    conda-forge
zstandard                 0.23.0          py312h2c38b39_0  
zstd                      1.5.6                ha6fb4c9_0    conda-forge
