# packages in environment at /home/user/mambaforge/envs/acdc:
#
# Name                    Version                   Build  Channel
_libgcc_mutex             0.1                 conda_forge    conda-forge
_openmp_mutex             4.5                       2_gnu    conda-forge
absl-py                   2.1.0                    pypi_0    pypi
addict                    2.4.0                    pypi_0    pypi
aenum                     3.1.15                   pypi_0    pypi
aiofiles                  23.2.1                   pypi_0    pypi
albucore                  0.0.19                   pypi_0    pypi
albumentations            1.4.20                   pypi_0    pypi
altair                    5.4.1                    pypi_0    pypi
annotated-types           0.7.0                    pypi_0    pypi
antlr4-python3-runtime    4.9.3                    pypi_0    pypi
anyio                     4.6.2.post1              pypi_0    pypi
archspec                  0.2.3              pyhd8ed1ab_0    conda-forge
asttokens                 2.4.1                    pypi_0    pypi
attrs                     24.2.0             pyh71513ae_0    conda-forge
bddl                      3.5.0                    pypi_0    pypi
beautifulsoup4            4.12.3             pyha770c72_0    conda-forge
boltons                   24.0.0             pyhd8ed1ab_0    conda-forge
brotli-python             1.1.0           py310hf71b8c6_2    conda-forge
bzip2                     1.0.8                h4bc722e_7    conda-forge
c-ares                    1.34.2               heb4867d_0    conda-forge
ca-certificates           2024.8.30            hbcca054_0    conda-forge
certifi                   2024.8.30          pyhd8ed1ab_0    conda-forge
cffi                      1.17.1          py310h8deb56e_0    conda-forge
chardet                   5.2.0           py310hff52083_2    conda-forge
charset-normalizer        3.4.0              pyhd8ed1ab_0    conda-forge
click                     8.1.7           unix_pyh707e725_0    conda-forge
clip                      1.0                      pypi_0    pypi
cloudpickle               3.1.0                    pypi_0    pypi
colorama                  0.4.6              pyhd8ed1ab_0    conda-forge
conda                     24.9.2          py310hff52083_0    conda-forge
conda-build               24.9.0          py310hff52083_0    conda-forge
conda-index               0.5.0              pyhd8ed1ab_0    conda-forge
conda-libmamba-solver     24.9.0             pyhd8ed1ab_0    conda-forge
conda-package-handling    2.4.0              pyh7900ff3_0    conda-forge
conda-package-streaming   0.11.0             pyhd8ed1ab_0    conda-forge
contourpy                 1.3.0                    pypi_0    pypi
cryptography              41.0.7                   pypi_0    pypi
cudatoolkit               11.8.0              h4ba93d1_13    conda-forge
cycler                    0.12.1                   pypi_0    pypi
decorator                 5.1.1                    pypi_0    pypi
diffusers                 0.31.0                   pypi_0    pypi
digital-cousins           0.0.1                     dev_0    <develop>
distro                    1.9.0              pyhd8ed1ab_0    conda-forge
egl-probe                 1.0.2                    pypi_0    pypi
eval-type-backport        0.2.0                    pypi_0    pypi
exceptiongroup            1.2.2                    pypi_0    pypi
executing                 2.1.0                    pypi_0    pypi
faiss                     1.8.0           py310cuda118hc8ddbe7_1_cuda    conda-forge
faiss-gpu                 1.8.0                hb76ca00_1    conda-forge
farama-notifications      0.0.4                    pypi_0    pypi
fastapi                   0.115.4                  pypi_0    pypi
fastjsonschema            2.20.0                   pypi_0    pypi
ffmpy                     0.4.0                    pypi_0    pypi
filelock                  3.16.1             pyhd8ed1ab_0    conda-forge
fmt                       11.0.2               h434a139_0    conda-forge
fonttools                 4.54.1                   pypi_0    pypi
frozendict                2.4.6           py310ha75aee5_0    conda-forge
fsspec                    2024.10.0                pypi_0    pypi
ftfy                      6.3.1                    pypi_0    pypi
future                    0.18.3                   pypi_0    pypi
gitdb                     4.0.11                   pypi_0    pypi
gitpython                 3.1.43                   pypi_0    pypi
gradio                    4.29.0                   pypi_0    pypi
gradio-client             0.16.1                   pypi_0    pypi
gradio-imageslider        0.0.20                   pypi_0    pypi
grpcio                    1.67.1                   pypi_0    pypi
gymnasium                 1.0.0                    pypi_0    pypi
h11                       0.14.0                   pypi_0    pypi
h2                        4.1.0              pyhd8ed1ab_0    conda-forge
h5py                      3.10.0                   pypi_0    pypi
hpack                     4.0.0              pyh9f0ad1d_0    conda-forge
httpcore                  1.0.6                    pypi_0    pypi
httpx                     0.27.2                   pypi_0    pypi
huggingface-hub           0.26.2                   pypi_0    pypi
hydra-core                1.3.2                    pypi_0    pypi
hyperframe                6.0.1              pyhd8ed1ab_0    conda-forge
idna                      3.10               pyhd8ed1ab_0    conda-forge
imageio                   2.33.1                   pypi_0    pypi
imageio-ffmpeg            0.4.9                    pypi_0    pypi
importlib-metadata        8.5.0                    pypi_0    pypi
importlib_resources       6.4.5              pyhd8ed1ab_0    conda-forge
iniconfig                 2.0.0                    pypi_0    pypi
iopath                    0.1.10                   pypi_0    pypi
ipython                   8.20.0                   pypi_0    pypi
jedi                      0.19.1                   pypi_0    pypi
jinja2                    3.1.4              pyhd8ed1ab_0    conda-forge
joblib                    1.4.2                    pypi_0    pypi
jsonpatch                 1.33               pyhd8ed1ab_0    conda-forge
jsonpointer               3.0.0           py310hff52083_1    conda-forge
jsonschema                4.23.0             pyhd8ed1ab_0    conda-forge
jsonschema-specifications 2024.10.1          pyhd8ed1ab_0    conda-forge
jupyter-core              5.7.2                    pypi_0    pypi
jupytext                  1.16.4                   pypi_0    pypi
keyutils                  1.6.1                h166bdaf_0    conda-forge
kiwisolver                1.4.7                    pypi_0    pypi
krb5                      1.21.3               h659f571_0    conda-forge
ld_impl_linux-64          2.43                 h712a8e2_2    conda-forge
libarchive                3.7.4                hfca40fe_0    conda-forge
libblas                   3.9.0           25_linux64_openblas    conda-forge
libcblas                  3.9.0           25_linux64_openblas    conda-forge
libcurl                   8.10.1               hbbe4b11_0    conda-forge
libedit                   3.1.20191231         he28a2e2_2    conda-forge
libev                     4.33                 hd590300_2    conda-forge
libfaiss                  1.8.0           cuda118h3e3be24_1_cuda    conda-forge
libffi                    3.4.2                h7f98852_5    conda-forge
libgcc                    14.2.0               h77fa898_1    conda-forge
libgcc-ng                 14.2.0               h69a702a_1    conda-forge
libgfortran               14.2.0               h69a702a_1    conda-forge
libgfortran-ng            14.2.0               h69a702a_1    conda-forge
libgfortran5              14.2.0               hd5240d6_1    conda-forge
libgomp                   14.2.0               h77fa898_1    conda-forge
libiconv                  1.17                 hd590300_2    conda-forge
liblapack                 3.9.0           25_linux64_openblas    conda-forge
liblief                   0.14.1               h5888daf_2    conda-forge
libmamba                  1.5.10               hf72d635_1    conda-forge
libmambapy                1.5.10          py310h6639945_1    conda-forge
libnghttp2                1.64.0               h161d5f1_0    conda-forge
libnsl                    2.0.1                hd590300_0    conda-forge
libopenblas               0.3.28          pthreads_h94d23a6_0    conda-forge
libsolv                   0.7.30               h3509ff9_0    conda-forge
libsqlite                 3.47.0               hadc24fc_1    conda-forge
libssh2                   1.11.0               h0841786_0    conda-forge
libstdcxx                 14.2.0               hc0a3c3a_1    conda-forge
libstdcxx-ng              14.2.0               h4852527_1    conda-forge
libuuid                   2.38.1               h0b41bf4_0    conda-forge
libxcrypt                 4.4.36               hd590300_1    conda-forge
libxml2                   2.13.3               h1b7cff4_0    conda-forge
libzlib                   1.3.1                hb9d3cd8_2    conda-forge
lz4-c                     1.9.4                hcb278e6_0    conda-forge
lzo                       2.10              hd590300_1001    conda-forge
markdown                  3.7                      pypi_0    pypi
markdown-it-py            3.0.0                    pypi_0    pypi
markupsafe                2.1.5                    pypi_0    pypi
matplotlib                3.9.2                    pypi_0    pypi
matplotlib-inline         0.1.7                    pypi_0    pypi
mdit-py-plugins           0.4.2                    pypi_0    pypi
mdurl                     0.1.2                    pypi_0    pypi
menuinst                  2.1.2           py310hff52083_1    conda-forge
more-itertools            10.5.0             pyhd8ed1ab_0    conda-forge
mpmath                    1.3.0                    pypi_0    pypi
narwhals                  1.12.1                   pypi_0    pypi
nbformat                  5.10.4                   pypi_0    pypi
ncurses                   6.5                  he02047a_1    conda-forge
nest-asyncio              1.5.9                    pypi_0    pypi
networkx                  3.2.1                    pypi_0    pypi
nltk                      3.9.1                    pypi_0    pypi
numpy                     1.26.4          py310hb13e2d6_0    conda-forge
nvidia-cublas-cu12        12.4.5.8                 pypi_0    pypi
nvidia-cuda-cupti-cu12    12.4.127                 pypi_0    pypi
nvidia-cuda-nvrtc-cu12    12.4.127                 pypi_0    pypi
nvidia-cuda-runtime-cu12  12.4.127                 pypi_0    pypi
nvidia-cudnn-cu12         9.1.0.70                 pypi_0    pypi
nvidia-cufft-cu12         11.2.1.3                 pypi_0    pypi
nvidia-curand-cu12        10.3.5.147               pypi_0    pypi
nvidia-cusolver-cu12      11.6.1.9                 pypi_0    pypi
nvidia-cusparse-cu12      12.3.1.170               pypi_0    pypi
nvidia-nccl-cu12          2.21.5                   pypi_0    pypi
nvidia-nvjitlink-cu12     12.4.127                 pypi_0    pypi
nvidia-nvtx-cu12          12.4.127                 pypi_0    pypi
omegaconf                 2.3.0                    pypi_0    pypi
omnigibson                1.1.1                    pypi_0    pypi
opencv-contrib-python     4.10.0.84                pypi_0    pypi
opencv-python             4.10.0.84                pypi_0    pypi
opencv-python-headless    4.10.0.84                pypi_0    pypi
openssl                   3.3.2                hb9d3cd8_0    conda-forge
orjson                    3.10.10                  pypi_0    pypi
packaging                 24.1               pyhd8ed1ab_0    conda-forge
pandas                    2.2.3                    pypi_0    pypi
parso                     0.8.4                    pypi_0    pypi
patch                     2.7.6             h7f98852_1002    conda-forge
patchelf                  0.17.2               h58526e2_0    conda-forge
perspective2d             1.0.0                     dev_0    <develop>
pexpect                   4.9.0                    pypi_0    pypi
pillow                    10.4.0                   pypi_0    pypi
pip                       24.3.1             pyh8b19718_0    conda-forge
pkginfo                   1.11.2             pyhd8ed1ab_0    conda-forge
pkgutil-resolve-name      1.3.10             pyhd8ed1ab_1    conda-forge
platformdirs              4.3.6              pyhd8ed1ab_0    conda-forge
pluggy                    1.5.0              pyhd8ed1ab_0    conda-forge
portalocker               2.10.1                   pypi_0    pypi
progressbar               2.5                      pypi_0    pypi
prompt-toolkit            3.0.48                   pypi_0    pypi
protobuf                  5.28.3                   pypi_0    pypi
psutil                    6.1.0           py310ha75aee5_0    conda-forge
ptyprocess                0.7.0                    pypi_0    pypi
pure-eval                 0.2.3                    pypi_0    pypi
py-lief                   0.14.1          py310hf71b8c6_2    conda-forge
pybind11-abi              4                    hd8ed1ab_3    conda-forge
pycosat                   0.6.6           py310h2372a71_0    conda-forge
pycparser                 2.22               pyhd8ed1ab_0    conda-forge
pydantic                  2.9.2                    pypi_0    pypi
pydantic-core             2.23.4                   pypi_0    pypi
pydub                     0.25.1                   pypi_0    pypi
pyequilib                 0.3.0                    pypi_0    pypi
pygments                  2.18.0                   pypi_0    pypi
pymeshlab                 2022.2.post4             pypi_0    pypi
pyparsing                 3.2.0                    pypi_0    pypi
pysocks                   1.7.1              pyha2e5f31_6    conda-forge
pytest                    8.3.3                    pypi_0    pypi
python                    3.10.15         h4a871b0_2_cpython    conda-forge
python-dateutil           2.9.0.post0              pypi_0    pypi
python-graphviz           0.20.3                   pypi_0    pypi
python-libarchive-c       5.1             py310hff52083_1    conda-forge
python-multipart          0.0.16                   pypi_0    pypi
python_abi                3.10                    5_cp310    conda-forge
pytz                      2024.2             pyhd8ed1ab_0    conda-forge
pyyaml                    6.0.2           py310ha75aee5_1    conda-forge
readline                  8.2                  h8228510_1    conda-forge
referencing               0.35.1             pyhd8ed1ab_0    conda-forge
regex                     2024.9.11                pypi_0    pypi
reproc                    14.2.4.post0         hd590300_1    conda-forge
reproc-cpp                14.2.4.post0         h59595ed_1    conda-forge
requests                  2.32.3             pyhd8ed1ab_0    conda-forge
rich                      13.9.3                   pypi_0    pypi
ripgrep                   14.1.1               h8fae777_0    conda-forge
robomimic                 0.3.0                     dev_0    <develop>
rpds-py                   0.20.0          py310h505e2c1_1    conda-forge
rtree                     1.2.0                    pypi_0    pypi
ruamel.yaml               0.18.6          py310ha75aee5_1    conda-forge
ruamel.yaml.clib          0.2.8           py310ha75aee5_1    conda-forge
ruff                      0.7.1                    pypi_0    pypi
safetensors               0.4.5                    pypi_0    pypi
sam-2                     1.0                      pypi_0    pypi
scikit-learn              1.5.2                    pypi_0    pypi
scipy                     1.14.1                   pypi_0    pypi
semantic-version          2.10.0                   pypi_0    pypi
setuptools                75.1.0             pyhd8ed1ab_0    conda-forge
shellingham               1.5.4                    pypi_0    pypi
six                       1.16.0                   pypi_0    pypi
smmap                     5.0.1                    pypi_0    pypi
sniffio                   1.3.1                    pypi_0    pypi
soupsieve                 2.5                pyhd8ed1ab_1    conda-forge
stack-data                0.6.3                    pypi_0    pypi
starlette                 0.41.2                   pypi_0    pypi
stringzilla               3.10.6                   pypi_0    pypi
sympy                     1.13.1                   pypi_0    pypi
tensorboard               2.18.0                   pypi_0    pypi
tensorboard-data-server   0.7.2                    pypi_0    pypi
tensorboardx              2.6.2.2                  pypi_0    pypi
termcolor                 2.4.0                    pypi_0    pypi
threadpoolctl             3.5.0                    pypi_0    pypi
timm                      1.0.11                   pypi_0    pypi
tk                        8.6.13          noxft_h4845f30_101    conda-forge
tomli                     2.0.2              pyhd8ed1ab_0    conda-forge
tomlkit                   0.12.0                   pypi_0    pypi
tqdm                      4.66.6             pyhd8ed1ab_0    conda-forge
traitlets                 5.14.3                   pypi_0    pypi
transforms3d              0.4.2                    pypi_0    pypi
trimesh                   4.0.10                   pypi_0    pypi
triton                    3.1.0                    pypi_0    pypi
truststore                0.10.0             pyhd8ed1ab_0    conda-forge
typer                     0.12.5                   pypi_0    pypi
typing-extensions         4.12.2                   pypi_0    pypi
tzdata                    2024.2                   pypi_0    pypi
urllib3                   2.2.3              pyhd8ed1ab_0    conda-forge
uvicorn                   0.32.0                   pypi_0    pypi
wcwidth                   0.2.13                   pypi_0    pypi
websockets                11.0.3                   pypi_0    pypi
werkzeug                  3.0.6                    pypi_0    pypi
wheel                     0.44.0             pyhd8ed1ab_0    conda-forge
xz                        5.2.6                h166bdaf_0    conda-forge
yacs                      0.1.8                    pypi_0    pypi
yaml                      0.2.5                h7f98852_2    conda-forge
yaml-cpp                  0.8.0                h59595ed_0    conda-forge
zipp                      3.20.2             pyhd8ed1ab_0    conda-forge
zstandard                 0.23.0          py310ha39cb0e_1    conda-forge
zstd                      1.5.6                ha6fb4c9_0    conda-forge
